[35m[Appium][39m Welcome to Appium v1.22.3
[35m[Appium][39m Non-default server args:
[35m[Appium][39m   port: 57474
[35m[Appium][39m   loglevel: info
[35m[Appium][39m   tmpDir: /var/folders/99/1rnsl00j2fx5wgzz50jxvhbm0000gn/T//Katalon/Appium/Temp1694950480921
[35m[Appium][39m   chromedriverPort: 57475
[35m[Appium][39m Deprecated server args:
[35m[Appium][39m   [31m--chromedriver-port[39m => --default-capabilities
[35m[Appium][39m Default capabilities, which will be added to each request unless overridden by desired capabilities:
[35m[Appium][39m   chromedriverPort: 57475
[35m[Appium][39m Appium REST http interface listener started on 0.0.0.0:57474
[35m[HTTP][39m [37m-->[39m [37mGET[39m [37m/wd/hub/status[39m
[35m[HTTP][39m [90m{}[39m
[35m[HTTP][39m [37m<-- GET /wd/hub/status [39m[32m200[39m [90m5 ms - 68[39m
[35m[HTTP][39m [90m[39m
[35m[HTTP][39m [37m-->[39m [37mGET[39m [37m/wd/hub/status[39m
[35m[HTTP][39m [90m{}[39m
[35m[HTTP][39m [37m<-- GET /wd/hub/status [39m[32m200[39m [90m1 ms - 68[39m
[35m[HTTP][39m [90m[39m
[35m[HTTP][39m [37m-->[39m [37mPOST[39m [37m/wd/hub/session[39m
[35m[HTTP][39m [90m{"desiredCapabilities":{"appPackage":"com.android.settings","deviceId":"AHD00009174","deviceName":"vsmart Live (Android 10)","platform":"ANDROID","appActivity":".Settings","newCommandTimeout":1800,"platformVersion":"10","automationName":"uiautomator2","autoGrantPermissions":true,"platformName":"Android","udid":"AHD00009174","systemPort":8228},"capabilities":{"firstMatch":[{"appium:appActivity":".Settings","appium:appPackage":"com.android.settings","appium:autoGrantPermissions":true,"appium:automationName":"uiautomator2","deviceId":"AHD00009174","appium:deviceName":"vsmart Live (Android 10)","appium:newCommandTimeout":1800,"platform":"ANDROID","platformName":"android","appium:platformVersion":"10","appium:systemPort":8228,"appium:udid":"AHD00009174"}]}}[39m
[35m[BaseDriver][39m The following capabilities are not standard capabilities and should have an extension prefix:
[35m[BaseDriver][39m   deviceId
[35m[BaseDriver][39m   platform
[35m[BaseDriver][39m   chromedriverPort
[35m[Appium][39m Appium v1.22.3 creating new AndroidUiautomator2Driver (v1.70.1) session
[35m[BaseDriver][39m The following capabilities were provided, but are not recognized by Appium:
[35m[BaseDriver][39m   deviceId
[35m[BaseDriver][39m   platform
[35m[BaseDriver][39m Session created with session id: fb9dcaef-4135-4dbd-aed5-88744926532f
[35m[UiAutomator2][39m Starting 'com.android.settings' directly on the device
[35m[ADB][39m Found 1 'build-tools' folders under '/Users/vincent/.katalon/tools/android_sdk' (newest first):
[35m[ADB][39m     /Users/vincent/.katalon/tools/android_sdk/build-tools/29.0.3
[35m[ADB][39m Using 'adb' from '/Users/vincent/.katalon/tools/android_sdk/platform-tools/adb'
[35m[AndroidDriver][39m Retrieving device list
[35m[AndroidDriver][39m Using device: AHD00009174
[35m[ADB][39m Using 'adb' from '/Users/vincent/.katalon/tools/android_sdk/platform-tools/adb'
[35m[ADB][39m Getting device platform version
[35m[UiAutomator2][39m Relaxing hidden api policy
[35m[AndroidDriver][39m No app sent in, not parsing package/activity
[35m[ADB][39m Using 'apksigner.jar' from '/Users/vincent/.katalon/tools/android_sdk/build-tools/29.0.3/lib/apksigner.jar'
[35m[ADB][39m '/Applications/Appium Server GUI.app/Contents/Resources/app/node_modules/appium/node_modules/appium-uiautomator2-server/apks/appium-uiautomator2-server-v4.27.0.apk' is signed with the default certificate
[35m[ADB][39m '/Applications/Appium Server GUI.app/Contents/Resources/app/node_modules/appium/node_modules/appium-uiautomator2-server/apks/appium-uiautomator2-server-debug-androidTest.apk' is signed with the default certificate
[35m[UiAutomator2][39m Server packages are not going to be (re)installed
[35m[ADB][39m Adding packages ["io.appium.settings","io.appium.uiautomator2.server","io.appium.uiautomator2.server.test"] to Doze whitelist
[35m[UiAutomator2][39m Starting UIAutomator2 server 4.27.0
[35m[UiAutomator2][39m Using UIAutomator2 server from '/Applications/Appium Server GUI.app/Contents/Resources/app/node_modules/appium/node_modules/appium-uiautomator2-server/apks/appium-uiautomator2-server-v4.27.0.apk' and test from '/Applications/Appium Server GUI.app/Contents/Resources/app/node_modules/appium/node_modules/appium-uiautomator2-server/apks/appium-uiautomator2-server-debug-androidTest.apk'
[35m[UiAutomator2][39m Waiting up to 30000ms for UiAutomator2 to be online...
[35m[WD Proxy][39m socket hang up
[35m[WD Proxy][39m socket hang up
[35m[WD Proxy][39m socket hang up
[35m[WD Proxy][39m socket hang up
[35m[WD Proxy][39m Determined the downstream protocol as 'W3C'
[35m[AndroidDriver][39m Screen already unlocked, doing nothing
[35m[UiAutomator2][39m Starting 'com.android.settings/.Settings and waiting for 'com.android.settings/.Settings'
[35m[Appium][39m New AndroidUiautomator2Driver session created successfully, session fb9dcaef-4135-4dbd-aed5-88744926532f added to master session list
[35m[HTTP][39m [37m<-- POST /wd/hub/session [39m[32m200[39m [90m8737 ms - 1197[39m
[35m[HTTP][39m [90m[39m
[35m[HTTP][39m [37m-->[39m [37mGET[39m [37m/wd/hub/session/fb9dcaef-4135-4dbd-aed5-88744926532f[39m
[35m[HTTP][39m [90m{}[39m
[35m[HTTP][39m [37m<-- GET /wd/hub/session/fb9dcaef-4135-4dbd-aed5-88744926532f [39m[32m200[39m [90m15 ms - 1151[39m
[35m[HTTP][39m [90m[39m
[35m[HTTP][39m [37m-->[39m [37mGET[39m [37m/wd/hub/session/fb9dcaef-4135-4dbd-aed5-88744926532f[39m
[35m[HTTP][39m [90m{}[39m
[35m[HTTP][39m [37m<-- GET /wd/hub/session/fb9dcaef-4135-4dbd-aed5-88744926532f [39m[32m200[39m [90m10 ms - 1151[39m
[35m[HTTP][39m [90m[39m
[35m[HTTP][39m [37m-->[39m [37mGET[39m [37m/wd/hub/status[39m
[35m[HTTP][39m [90m{}[39m
[35m[HTTP][39m [37m<-- GET /wd/hub/status [39m[32m200[39m [90m0 ms - 68[39m
[35m[HTTP][39m [90m[39m
[35m[HTTP][39m [37m-->[39m [37mPOST[39m [37m/wd/hub/session/fb9dcaef-4135-4dbd-aed5-88744926532f/timeouts[39m
[35m[HTTP][39m [90m{"implicit":60000}[39m
[35m[HTTP][39m [37m<-- POST /wd/hub/session/fb9dcaef-4135-4dbd-aed5-88744926532f/timeouts [39m[32m200[39m [90m1 ms - 14[39m
[35m[HTTP][39m [90m[39m
[35m[HTTP][39m [37m-->[39m [37mGET[39m [37m/wd/hub/session/fb9dcaef-4135-4dbd-aed5-88744926532f/screenshot[39m
[35m[HTTP][39m [90m{}[39m
[35m[HTTP][39m [37m<-- GET /wd/hub/session/fb9dcaef-4135-4dbd-aed5-88744926532f/screenshot [39m[32m200[39m [90m1004 ms - 259514[39m
[35m[HTTP][39m [90m[39m
[35m[HTTP][39m [37m-->[39m [37mGET[39m [37m/wd/hub/session/fb9dcaef-4135-4dbd-aed5-88744926532f/window/rect[39m
[35m[HTTP][39m [90m{}[39m
[35m[HTTP][39m [37m<-- GET /wd/hub/session/fb9dcaef-4135-4dbd-aed5-88744926532f/window/rect [39m[32m200[39m [90m14 ms - 50[39m
[35m[HTTP][39m [90m[39m
[35m[HTTP][39m [37m-->[39m [37mGET[39m [37m/wd/hub/session/fb9dcaef-4135-4dbd-aed5-88744926532f/appium/device/system_bars[39m
[35m[HTTP][39m [90m{}[39m
[35m[HTTP][39m [37m<-- GET /wd/hub/session/fb9dcaef-4135-4dbd-aed5-88744926532f/appium/device/system_bars [39m[32m200[39m [90m91 ms - 148[39m
[35m[HTTP][39m [90m[39m
[35m[HTTP][39m [37m-->[39m [37mPOST[39m [37m/wd/hub/session/fb9dcaef-4135-4dbd-aed5-88744926532f/appium/device/activate_app[39m
[35m[HTTP][39m [90m{"bundleId":"com.vinsmart.android.dialer"}[39m
[35m[HTTP][39m [37m<-- POST /wd/hub/session/fb9dcaef-4135-4dbd-aed5-88744926532f/appium/device/activate_app [39m[32m200[39m [90m717 ms - 14[39m
[35m[HTTP][39m [90m[39m
[35m[HTTP][39m [37m-->[39m [37mGET[39m [37m/wd/hub/session/fb9dcaef-4135-4dbd-aed5-88744926532f/source[39m
[35m[HTTP][39m [90m{}[39m
[35m[W3C (fb9dcaef)][39m Driver proxy active, passing request on via HTTP proxy
[35m[WD Proxy][39m Replacing sessionId 21c3a05f-261c-4e91-a335-830cdc6f7c03 with fb9dcaef-4135-4dbd-aed5-88744926532f
[35m[HTTP][39m [37m<-- GET /wd/hub/session/fb9dcaef-4135-4dbd-aed5-88744926532f/source [39m[32m200[39m [90m125 ms - 4617[39m
[35m[HTTP][39m [90m[39m
[35m[HTTP][39m [37m-->[39m [37mGET[39m [37m/wd/hub/session/fb9dcaef-4135-4dbd-aed5-88744926532f/screenshot[39m
[35m[HTTP][39m [90m{}[39m
[35m[HTTP][39m [37m<-- GET /wd/hub/session/fb9dcaef-4135-4dbd-aed5-88744926532f/screenshot [39m[32m200[39m [90m412 ms - 298814[39m
[35m[HTTP][39m [90m[39m
[35m[HTTP][39m [37m-->[39m [37mGET[39m [37m/wd/hub/session/fb9dcaef-4135-4dbd-aed5-88744926532f/source[39m
[35m[HTTP][39m [90m{}[39m
[35m[W3C (fb9dcaef)][39m Driver proxy active, passing request on via HTTP proxy
[35m[WD Proxy][39m Replacing sessionId 21c3a05f-261c-4e91-a335-830cdc6f7c03 with fb9dcaef-4135-4dbd-aed5-88744926532f
[35m[HTTP][39m [37m<-- GET /wd/hub/session/fb9dcaef-4135-4dbd-aed5-88744926532f/source [39m[32m200[39m [90m236 ms - 29944[39m
[35m[HTTP][39m [90m[39m
[35m[HTTP][39m [37m-->[39m [37mGET[39m [37m/wd/hub/session/fb9dcaef-4135-4dbd-aed5-88744926532f/screenshot[39m
[35m[HTTP][39m [90m{}[39m
[35m[HTTP][39m [37m<-- GET /wd/hub/session/fb9dcaef-4135-4dbd-aed5-88744926532f/screenshot [39m[32m200[39m [90m575 ms - 193634[39m
[35m[HTTP][39m [90m[39m
[35m[HTTP][39m [37m-->[39m [37mGET[39m [37m/wd/hub/session/fb9dcaef-4135-4dbd-aed5-88744926532f/source[39m
[35m[HTTP][39m [90m{}[39m
[35m[W3C (fb9dcaef)][39m Driver proxy active, passing request on via HTTP proxy
[35m[WD Proxy][39m Replacing sessionId 21c3a05f-261c-4e91-a335-830cdc6f7c03 with fb9dcaef-4135-4dbd-aed5-88744926532f
[35m[HTTP][39m [37m<-- GET /wd/hub/session/fb9dcaef-4135-4dbd-aed5-88744926532f/source [39m[32m200[39m [90m205 ms - 28661[39m
[35m[HTTP][39m [90m[39m
[35m[HTTP][39m [37m-->[39m [37mGET[39m [37m/wd/hub/session/fb9dcaef-4135-4dbd-aed5-88744926532f/screenshot[39m
[35m[HTTP][39m [90m{}[39m
[35m[HTTP][39m [37m<-- GET /wd/hub/session/fb9dcaef-4135-4dbd-aed5-88744926532f/screenshot [39m[32m200[39m [90m447 ms - 276974[39m
[35m[HTTP][39m [90m[39m
[35m[HTTP][39m [37m-->[39m [37mPOST[39m [37m/wd/hub/session/fb9dcaef-4135-4dbd-aed5-88744926532f/elements[39m
[35m[HTTP][39m [90m{"using":"xpath","value":"//*[@class = 'android.widget.ImageButton' and @resource-id = 'com.vuthaihung.fancydialouge:id/conversation_floating_btn' and (@text = '' or . = '')]"}[39m
[35m[HTTP][39m [37m<-- POST /wd/hub/session/fb9dcaef-4135-4dbd-aed5-88744926532f/elements [39m[32m200[39m [90m349 ms - 139[39m
[35m[HTTP][39m [90m[39m
[35m[HTTP][39m [37m-->[39m [37mGET[39m [37m/wd/hub/session/fb9dcaef-4135-4dbd-aed5-88744926532f/window/rect[39m
[35m[HTTP][39m [90m{}[39m
[35m[HTTP][39m [37m<-- GET /wd/hub/session/fb9dcaef-4135-4dbd-aed5-88744926532f/window/rect [39m[32m200[39m [90m9 ms - 50[39m
[35m[HTTP][39m [90m[39m
[35m[HTTP][39m [37m-->[39m [37mPOST[39m [37m/wd/hub/session/fb9dcaef-4135-4dbd-aed5-88744926532f/elements[39m
[35m[HTTP][39m [90m{"using":"xpath","value":"//*[@class = 'android.widget.ImageButton' and @resource-id = 'com.vuthaihung.fancydialouge:id/conversation_floating_btn' and (@text = '' or . = '')]"}[39m
[35m[HTTP][39m [37m<-- POST /wd/hub/session/fb9dcaef-4135-4dbd-aed5-88744926532f/elements [39m[32m200[39m [90m151 ms - 139[39m
[35m[HTTP][39m [90m[39m
[35m[HTTP][39m [37m-->[39m [37mGET[39m [37m/wd/hub/session/fb9dcaef-4135-4dbd-aed5-88744926532f/element/00000000-0000-010a-ffff-ffff00000041/location[39m
[35m[HTTP][39m [90m{}[39m
[35m[W3C (fb9dcaef)][39m Driver proxy active, passing request on via HTTP proxy
[35m[WD Proxy][39m Replacing sessionId 21c3a05f-261c-4e91-a335-830cdc6f7c03 with fb9dcaef-4135-4dbd-aed5-88744926532f
[35m[HTTP][39m [37m<-- GET /wd/hub/session/fb9dcaef-4135-4dbd-aed5-88744926532f/element/00000000-0000-010a-ffff-ffff00000041/location [39m[32m200[39m [90m26 ms - 79[39m
[35m[HTTP][39m [90m[39m
[35m[HTTP][39m [37m-->[39m [37mPOST[39m [37m/wd/hub/session/fb9dcaef-4135-4dbd-aed5-88744926532f/element/00000000-0000-010a-ffff-ffff00000041/click[39m
[35m[HTTP][39m [90m{"id":"00000000-0000-010a-ffff-ffff00000041"}[39m
[35m[HTTP][39m [37m<-- POST /wd/hub/session/fb9dcaef-4135-4dbd-aed5-88744926532f/element/00000000-0000-010a-ffff-ffff00000041/click [39m[32m200[39m [90m49 ms - 14[39m
[35m[HTTP][39m [90m[39m
[35m[HTTP][39m [37m-->[39m [37mGET[39m [37m/wd/hub/session/fb9dcaef-4135-4dbd-aed5-88744926532f/source[39m
[35m[HTTP][39m [90m{}[39m
[35m[W3C (fb9dcaef)][39m Driver proxy active, passing request on via HTTP proxy
[35m[WD Proxy][39m Replacing sessionId 21c3a05f-261c-4e91-a335-830cdc6f7c03 with fb9dcaef-4135-4dbd-aed5-88744926532f
[35m[HTTP][39m [37m<-- GET /wd/hub/session/fb9dcaef-4135-4dbd-aed5-88744926532f/source [39m[32m200[39m [90m199 ms - 20139[39m
[35m[HTTP][39m [90m[39m
[35m[HTTP][39m [37m-->[39m [37mGET[39m [37m/wd/hub/session/fb9dcaef-4135-4dbd-aed5-88744926532f/screenshot[39m
[35m[HTTP][39m [90m{}[39m
[35m[HTTP][39m [37m<-- GET /wd/hub/session/fb9dcaef-4135-4dbd-aed5-88744926532f/screenshot [39m[32m200[39m [90m482 ms - 389792[39m
[35m[HTTP][39m [90m[39m
[35m[HTTP][39m [37m-->[39m [37mPOST[39m [37m/wd/hub/session/fb9dcaef-4135-4dbd-aed5-88744926532f/elements[39m
[35m[HTTP][39m [90m{"using":"xpath","value":"//*[@class = 'android.widget.TextView' and (@text = 'Tin nhắn giả mạo' or . = 'Tin nhắn giả mạo') and @resource-id = 'com.vuthaihung.fancydialouge:id/fakeMessage']"}[39m
[35m[HTTP][39m [37m<-- POST /wd/hub/session/fb9dcaef-4135-4dbd-aed5-88744926532f/elements [39m[32m200[39m [90m115 ms - 139[39m
[35m[HTTP][39m [90m[39m
[35m[HTTP][39m [37m-->[39m [37mGET[39m [37m/wd/hub/session/fb9dcaef-4135-4dbd-aed5-88744926532f/window/rect[39m
[35m[HTTP][39m [90m{}[39m
[35m[HTTP][39m [37m<-- GET /wd/hub/session/fb9dcaef-4135-4dbd-aed5-88744926532f/window/rect [39m[32m200[39m [90m13 ms - 50[39m
[35m[HTTP][39m [90m[39m
[35m[HTTP][39m [37m-->[39m [37mPOST[39m [37m/wd/hub/session/fb9dcaef-4135-4dbd-aed5-88744926532f/elements[39m
[35m[HTTP][39m [90m{"using":"xpath","value":"//*[@class = 'android.widget.TextView' and (@text = 'Tin nhắn giả mạo' or . = 'Tin nhắn giả mạo') and @resource-id = 'com.vuthaihung.fancydialouge:id/fakeMessage']"}[39m
[35m[HTTP][39m [37m<-- POST /wd/hub/session/fb9dcaef-4135-4dbd-aed5-88744926532f/elements [39m[32m200[39m [90m152 ms - 139[39m
[35m[HTTP][39m [90m[39m
[35m[HTTP][39m [37m-->[39m [37mGET[39m [37m/wd/hub/session/fb9dcaef-4135-4dbd-aed5-88744926532f/element/00000000-0000-0118-ffff-ffff0000026b/location[39m
[35m[HTTP][39m [90m{}[39m
[35m[W3C (fb9dcaef)][39m Driver proxy active, passing request on via HTTP proxy
[35m[WD Proxy][39m Replacing sessionId 21c3a05f-261c-4e91-a335-830cdc6f7c03 with fb9dcaef-4135-4dbd-aed5-88744926532f
[35m[HTTP][39m [37m<-- GET /wd/hub/session/fb9dcaef-4135-4dbd-aed5-88744926532f/element/00000000-0000-0118-ffff-ffff0000026b/location [39m[32m200[39m [90m18 ms - 78[39m
[35m[HTTP][39m [90m[39m
[35m[HTTP][39m [37m-->[39m [37mPOST[39m [37m/wd/hub/session/fb9dcaef-4135-4dbd-aed5-88744926532f/element/00000000-0000-0118-ffff-ffff0000026b/click[39m
[35m[HTTP][39m [90m{"id":"00000000-0000-0118-ffff-ffff0000026b"}[39m
[35m[HTTP][39m [37m<-- POST /wd/hub/session/fb9dcaef-4135-4dbd-aed5-88744926532f/element/00000000-0000-0118-ffff-ffff0000026b/click [39m[32m200[39m [90m38 ms - 14[39m
[35m[HTTP][39m [90m[39m
[35m[HTTP][39m [37m-->[39m [37mGET[39m [37m/wd/hub/session/fb9dcaef-4135-4dbd-aed5-88744926532f/source[39m
[35m[HTTP][39m [90m{}[39m
[35m[W3C (fb9dcaef)][39m Driver proxy active, passing request on via HTTP proxy
[35m[WD Proxy][39m Replacing sessionId 21c3a05f-261c-4e91-a335-830cdc6f7c03 with fb9dcaef-4135-4dbd-aed5-88744926532f
[35m[HTTP][39m [37m<-- GET /wd/hub/session/fb9dcaef-4135-4dbd-aed5-88744926532f/source [39m[32m200[39m [90m1063 ms - 18614[39m
[35m[HTTP][39m [90m[39m
[35m[HTTP][39m [37m-->[39m [37mGET[39m [37m/wd/hub/session/fb9dcaef-4135-4dbd-aed5-88744926532f/screenshot[39m
[35m[HTTP][39m [90m{}[39m
[35m[HTTP][39m [37m<-- GET /wd/hub/session/fb9dcaef-4135-4dbd-aed5-88744926532f/screenshot [39m[32m200[39m [90m438 ms - 153464[39m
[35m[HTTP][39m [90m[39m
[35m[HTTP][39m [37m-->[39m [37mPOST[39m [37m/wd/hub/session/fb9dcaef-4135-4dbd-aed5-88744926532f/elements[39m
[35m[HTTP][39m [90m{"using":"xpath","value":"//*[@class = 'android.widget.TextView' and (@text = 'View all' or . = 'View all') and @resource-id = 'com.vuthaihung.fancydialouge:id/viewAllBtn']"}[39m
[35m[HTTP][39m [37m<-- POST /wd/hub/session/fb9dcaef-4135-4dbd-aed5-88744926532f/elements [39m[32m200[39m [90m53 ms - 139[39m
[35m[HTTP][39m [90m[39m
[35m[HTTP][39m [37m-->[39m [37mGET[39m [37m/wd/hub/session/fb9dcaef-4135-4dbd-aed5-88744926532f/window/rect[39m
[35m[HTTP][39m [90m{}[39m
[35m[HTTP][39m [37m<-- GET /wd/hub/session/fb9dcaef-4135-4dbd-aed5-88744926532f/window/rect [39m[32m200[39m [90m8 ms - 50[39m
[35m[HTTP][39m [90m[39m
[35m[HTTP][39m [37m-->[39m [37mPOST[39m [37m/wd/hub/session/fb9dcaef-4135-4dbd-aed5-88744926532f/elements[39m
[35m[HTTP][39m [90m{"using":"xpath","value":"//*[@class = 'android.widget.TextView' and (@text = 'View all' or . = 'View all') and @resource-id = 'com.vuthaihung.fancydialouge:id/viewAllBtn']"}[39m
[35m[HTTP][39m [37m<-- POST /wd/hub/session/fb9dcaef-4135-4dbd-aed5-88744926532f/elements [39m[32m200[39m [90m60 ms - 139[39m
[35m[HTTP][39m [90m[39m
[35m[HTTP][39m [37m-->[39m [37mGET[39m [37m/wd/hub/session/fb9dcaef-4135-4dbd-aed5-88744926532f/element/00000000-0000-0119-ffff-ffff000002a4/location[39m
[35m[HTTP][39m [90m{}[39m
[35m[W3C (fb9dcaef)][39m Driver proxy active, passing request on via HTTP proxy
[35m[WD Proxy][39m Replacing sessionId 21c3a05f-261c-4e91-a335-830cdc6f7c03 with fb9dcaef-4135-4dbd-aed5-88744926532f
[35m[HTTP][39m [37m<-- GET /wd/hub/session/fb9dcaef-4135-4dbd-aed5-88744926532f/element/00000000-0000-0119-ffff-ffff000002a4/location [39m[32m200[39m [90m14 ms - 78[39m
[35m[HTTP][39m [90m[39m
[35m[HTTP][39m [37m-->[39m [37mPOST[39m [37m/wd/hub/session/fb9dcaef-4135-4dbd-aed5-88744926532f/element/00000000-0000-0119-ffff-ffff000002a4/click[39m
[35m[HTTP][39m [90m{"id":"00000000-0000-0119-ffff-ffff000002a4"}[39m
[35m[HTTP][39m [37m<-- POST /wd/hub/session/fb9dcaef-4135-4dbd-aed5-88744926532f/element/00000000-0000-0119-ffff-ffff000002a4/click [39m[32m200[39m [90m42 ms - 14[39m
[35m[HTTP][39m [90m[39m
[35m[HTTP][39m [37m-->[39m [37mGET[39m [37m/wd/hub/session/fb9dcaef-4135-4dbd-aed5-88744926532f/source[39m
[35m[HTTP][39m [90m{}[39m
[35m[W3C (fb9dcaef)][39m Driver proxy active, passing request on via HTTP proxy
[35m[WD Proxy][39m Replacing sessionId 21c3a05f-261c-4e91-a335-830cdc6f7c03 with fb9dcaef-4135-4dbd-aed5-88744926532f
[35m[HTTP][39m [37m<-- GET /wd/hub/session/fb9dcaef-4135-4dbd-aed5-88744926532f/source [39m[32m200[39m [90m537 ms - 11784[39m
[35m[HTTP][39m [90m[39m
[35m[HTTP][39m [37m-->[39m [37mGET[39m [37m/wd/hub/session/fb9dcaef-4135-4dbd-aed5-88744926532f/screenshot[39m
[35m[HTTP][39m [90m{}[39m
[35m[HTTP][39m [37m<-- GET /wd/hub/session/fb9dcaef-4135-4dbd-aed5-88744926532f/screenshot [39m[32m200[39m [90m412 ms - 63554[39m
[35m[HTTP][39m [90m[39m
[35m[HTTP][39m [37m-->[39m [37mPOST[39m [37m/wd/hub/session/fb9dcaef-4135-4dbd-aed5-88744926532f/elements[39m
[35m[HTTP][39m [90m{"using":"xpath","value":"//*[@class = 'android.widget.ImageButton' and (@text = '' or . = '')]"}[39m
[35m[HTTP][39m [37m<-- POST /wd/hub/session/fb9dcaef-4135-4dbd-aed5-88744926532f/elements [39m[32m200[39m [90m56 ms - 139[39m
[35m[HTTP][39m [90m[39m
[35m[HTTP][39m [37m-->[39m [37mGET[39m [37m/wd/hub/session/fb9dcaef-4135-4dbd-aed5-88744926532f/window/rect[39m
[35m[HTTP][39m [90m{}[39m
[35m[HTTP][39m [37m<-- GET /wd/hub/session/fb9dcaef-4135-4dbd-aed5-88744926532f/window/rect [39m[32m200[39m [90m9 ms - 50[39m
[35m[HTTP][39m [90m[39m
[35m[HTTP][39m [37m-->[39m [37mPOST[39m [37m/wd/hub/session/fb9dcaef-4135-4dbd-aed5-88744926532f/elements[39m
[35m[HTTP][39m [90m{"using":"xpath","value":"//*[@class = 'android.widget.ImageButton' and (@text = '' or . = '')]"}[39m
[35m[HTTP][39m [37m<-- POST /wd/hub/session/fb9dcaef-4135-4dbd-aed5-88744926532f/elements [39m[32m200[39m [90m47 ms - 139[39m
[35m[HTTP][39m [90m[39m
[35m[HTTP][39m [37m-->[39m [37mGET[39m [37m/wd/hub/session/fb9dcaef-4135-4dbd-aed5-88744926532f/element/00000000-0000-0119-ffff-ffff0000029c/location[39m
[35m[HTTP][39m [90m{}[39m
[35m[W3C (fb9dcaef)][39m Driver proxy active, passing request on via HTTP proxy
[35m[WD Proxy][39m Replacing sessionId 21c3a05f-261c-4e91-a335-830cdc6f7c03 with fb9dcaef-4135-4dbd-aed5-88744926532f
[35m[HTTP][39m [37m<-- GET /wd/hub/session/fb9dcaef-4135-4dbd-aed5-88744926532f/element/00000000-0000-0119-ffff-ffff0000029c/location [39m[32m200[39m [90m15 ms - 75[39m
[35m[HTTP][39m [90m[39m
[35m[HTTP][39m [37m-->[39m [37mPOST[39m [37m/wd/hub/session/fb9dcaef-4135-4dbd-aed5-88744926532f/element/00000000-0000-0119-ffff-ffff0000029c/click[39m
[35m[HTTP][39m [90m{"id":"00000000-0000-0119-ffff-ffff0000029c"}[39m
[35m[HTTP][39m [37m<-- POST /wd/hub/session/fb9dcaef-4135-4dbd-aed5-88744926532f/element/00000000-0000-0119-ffff-ffff0000029c/click [39m[32m200[39m [90m42 ms - 14[39m
[35m[HTTP][39m [90m[39m
[35m[HTTP][39m [37m-->[39m [37mGET[39m [37m/wd/hub/session/fb9dcaef-4135-4dbd-aed5-88744926532f/source[39m
[35m[HTTP][39m [90m{}[39m
[35m[W3C (fb9dcaef)][39m Driver proxy active, passing request on via HTTP proxy
[35m[WD Proxy][39m Replacing sessionId 21c3a05f-261c-4e91-a335-830cdc6f7c03 with fb9dcaef-4135-4dbd-aed5-88744926532f
[35m[HTTP][39m [37m<-- GET /wd/hub/session/fb9dcaef-4135-4dbd-aed5-88744926532f/source [39m[32m200[39m [90m567 ms - 19112[39m
[35m[HTTP][39m [90m[39m
[35m[HTTP][39m [37m-->[39m [37mGET[39m [37m/wd/hub/session/fb9dcaef-4135-4dbd-aed5-88744926532f/screenshot[39m
[35m[HTTP][39m [90m{}[39m
[35m[HTTP][39m [37m<-- GET /wd/hub/session/fb9dcaef-4135-4dbd-aed5-88744926532f/screenshot [39m[32m200[39m [90m374 ms - 160036[39m
[35m[HTTP][39m [90m[39m
[35m[HTTP][39m [37m-->[39m [37mPOST[39m [37m/wd/hub/session/fb9dcaef-4135-4dbd-aed5-88744926532f/elements[39m
[35m[HTTP][39m [90m{"using":"xpath","value":"//*[@class = 'android.widget.ImageButton' and (@text = '' or . = '')]"}[39m
[35m[HTTP][39m [37m<-- POST /wd/hub/session/fb9dcaef-4135-4dbd-aed5-88744926532f/elements [39m[32m200[39m [90m57 ms - 139[39m
[35m[HTTP][39m [90m[39m
[35m[HTTP][39m [37m-->[39m [37mGET[39m [37m/wd/hub/session/fb9dcaef-4135-4dbd-aed5-88744926532f/window/rect[39m
[35m[HTTP][39m [90m{}[39m
[35m[HTTP][39m [37m<-- GET /wd/hub/session/fb9dcaef-4135-4dbd-aed5-88744926532f/window/rect [39m[32m200[39m [90m8 ms - 50[39m
[35m[HTTP][39m [90m[39m
[35m[HTTP][39m [37m-->[39m [37mPOST[39m [37m/wd/hub/session/fb9dcaef-4135-4dbd-aed5-88744926532f/elements[39m
[35m[HTTP][39m [90m{"using":"xpath","value":"//*[@class = 'android.widget.ImageButton' and (@text = '' or . = '')]"}[39m
[35m[HTTP][39m [37m<-- POST /wd/hub/session/fb9dcaef-4135-4dbd-aed5-88744926532f/elements [39m[32m200[39m [90m87 ms - 139[39m
[35m[HTTP][39m [90m[39m
[35m[HTTP][39m [37m-->[39m [37mGET[39m [37m/wd/hub/session/fb9dcaef-4135-4dbd-aed5-88744926532f/element/00000000-0000-0119-ffff-ffff0000029c/location[39m
[35m[HTTP][39m [90m{}[39m
[35m[W3C (fb9dcaef)][39m Driver proxy active, passing request on via HTTP proxy
[35m[WD Proxy][39m Replacing sessionId 21c3a05f-261c-4e91-a335-830cdc6f7c03 with fb9dcaef-4135-4dbd-aed5-88744926532f
[35m[HTTP][39m [37m<-- GET /wd/hub/session/fb9dcaef-4135-4dbd-aed5-88744926532f/element/00000000-0000-0119-ffff-ffff0000029c/location [39m[32m200[39m [90m12 ms - 75[39m
[35m[HTTP][39m [90m[39m
[35m[HTTP][39m [37m-->[39m [37mPOST[39m [37m/wd/hub/session/fb9dcaef-4135-4dbd-aed5-88744926532f/element/00000000-0000-0119-ffff-ffff0000029c/click[39m
[35m[HTTP][39m [90m{"id":"00000000-0000-0119-ffff-ffff0000029c"}[39m
[35m[HTTP][39m [37m<-- POST /wd/hub/session/fb9dcaef-4135-4dbd-aed5-88744926532f/element/00000000-0000-0119-ffff-ffff0000029c/click [39m[32m200[39m [90m37 ms - 14[39m
[35m[HTTP][39m [90m[39m
[35m[HTTP][39m [37m-->[39m [37mGET[39m [37m/wd/hub/session/fb9dcaef-4135-4dbd-aed5-88744926532f/source[39m
[35m[HTTP][39m [90m{}[39m
[35m[W3C (fb9dcaef)][39m Driver proxy active, passing request on via HTTP proxy
[35m[WD Proxy][39m Replacing sessionId 21c3a05f-261c-4e91-a335-830cdc6f7c03 with fb9dcaef-4135-4dbd-aed5-88744926532f
[35m[HTTP][39m [37m<-- GET /wd/hub/session/fb9dcaef-4135-4dbd-aed5-88744926532f/source [39m[32m200[39m [90m787 ms - 36406[39m
[35m[HTTP][39m [90m[39m
[35m[HTTP][39m [37m-->[39m [37mGET[39m [37m/wd/hub/session/fb9dcaef-4135-4dbd-aed5-88744926532f/screenshot[39m
[35m[HTTP][39m [90m{}[39m
[35m[HTTP][39m [37m<-- GET /wd/hub/session/fb9dcaef-4135-4dbd-aed5-88744926532f/screenshot [39m[32m200[39m [90m479 ms - 277394[39m
[35m[HTTP][39m [90m[39m
[35m[HTTP][39m [37m-->[39m [37mPOST[39m [37m/wd/hub/session/fb9dcaef-4135-4dbd-aed5-88744926532f/elements[39m
[35m[HTTP][39m [90m{"using":"xpath","value":"//*[@class = 'android.widget.ImageButton' and (@text = '' or . = '')]"}[39m
[35m[HTTP][39m [37m<-- POST /wd/hub/session/fb9dcaef-4135-4dbd-aed5-88744926532f/elements [39m[32m200[39m [90m140 ms - 267[39m
[35m[HTTP][39m [90m[39m
[35m[HTTP][39m [37m-->[39m [37mPOST[39m [37m/wd/hub/session/fb9dcaef-4135-4dbd-aed5-88744926532f/elements[39m
[35m[HTTP][39m [90m{"using":"accessibility id","value":"Mở ngăn điều hướng"}[39m
[35m[HTTP][39m [37m<-- POST /wd/hub/session/fb9dcaef-4135-4dbd-aed5-88744926532f/elements [39m[32m200[39m [90m23 ms - 139[39m
[35m[HTTP][39m [90m[39m
[35m[HTTP][39m [37m-->[39m [37mGET[39m [37m/wd/hub/session/fb9dcaef-4135-4dbd-aed5-88744926532f/window/rect[39m
[35m[HTTP][39m [90m{}[39m
[35m[HTTP][39m [37m<-- GET /wd/hub/session/fb9dcaef-4135-4dbd-aed5-88744926532f/window/rect [39m[32m200[39m [90m6 ms - 50[39m
[35m[HTTP][39m [90m[39m
[35m[HTTP][39m [37m-->[39m [37mPOST[39m [37m/wd/hub/session/fb9dcaef-4135-4dbd-aed5-88744926532f/elements[39m
[35m[HTTP][39m [90m{"using":"accessibility id","value":"Mở ngăn điều hướng"}[39m
[35m[HTTP][39m [37m<-- POST /wd/hub/session/fb9dcaef-4135-4dbd-aed5-88744926532f/elements [39m[32m200[39m [90m37 ms - 139[39m
[35m[HTTP][39m [90m[39m
[35m[HTTP][39m [37m-->[39m [37mGET[39m [37m/wd/hub/session/fb9dcaef-4135-4dbd-aed5-88744926532f/element/00000000-0000-010a-ffff-ffff0000001a/location[39m
[35m[HTTP][39m [90m{}[39m
[35m[W3C (fb9dcaef)][39m Driver proxy active, passing request on via HTTP proxy
[35m[WD Proxy][39m Replacing sessionId 21c3a05f-261c-4e91-a335-830cdc6f7c03 with fb9dcaef-4135-4dbd-aed5-88744926532f
[35m[HTTP][39m [37m<-- GET /wd/hub/session/fb9dcaef-4135-4dbd-aed5-88744926532f/element/00000000-0000-010a-ffff-ffff0000001a/location [39m[32m200[39m [90m11 ms - 77[39m
[35m[HTTP][39m [90m[39m
[35m[HTTP][39m [37m-->[39m [37mPOST[39m [37m/wd/hub/session/fb9dcaef-4135-4dbd-aed5-88744926532f/element/00000000-0000-010a-ffff-ffff0000001a/click[39m
[35m[HTTP][39m [90m{"id":"00000000-0000-010a-ffff-ffff0000001a"}[39m
[35m[HTTP][39m [37m<-- POST /wd/hub/session/fb9dcaef-4135-4dbd-aed5-88744926532f/element/00000000-0000-010a-ffff-ffff0000001a/click [39m[32m200[39m [90m38 ms - 14[39m
[35m[HTTP][39m [90m[39m
[35m[HTTP][39m [37m-->[39m [37mGET[39m [37m/wd/hub/session/fb9dcaef-4135-4dbd-aed5-88744926532f/source[39m
[35m[HTTP][39m [90m{}[39m
[35m[W3C (fb9dcaef)][39m Driver proxy active, passing request on via HTTP proxy
[35m[WD Proxy][39m Replacing sessionId 21c3a05f-261c-4e91-a335-830cdc6f7c03 with fb9dcaef-4135-4dbd-aed5-88744926532f
[35m[HTTP][39m [37m<-- GET /wd/hub/session/fb9dcaef-4135-4dbd-aed5-88744926532f/source [39m[32m200[39m [90m508 ms - 43872[39m
[35m[HTTP][39m [90m[39m
[35m[HTTP][39m [37m-->[39m [37mGET[39m [37m/wd/hub/session/fb9dcaef-4135-4dbd-aed5-88744926532f/screenshot[39m
[35m[HTTP][39m [90m{}[39m
[35m[HTTP][39m [37m<-- GET /wd/hub/session/fb9dcaef-4135-4dbd-aed5-88744926532f/screenshot [39m[32m200[39m [90m375 ms - 93810[39m
[35m[HTTP][39m [90m[39m
[35m[HTTP][39m [37m-->[39m [37mPOST[39m [37m/wd/hub/session/fb9dcaef-4135-4dbd-aed5-88744926532f/elements[39m
[35m[HTTP][39m [90m{"using":"xpath","value":"//*[@class = 'android.widget.ImageView' and (@text = '' or . = '')]"}[39m
[35m[HTTP][39m [37m<-- POST /wd/hub/session/fb9dcaef-4135-4dbd-aed5-88744926532f/elements [39m[32m200[39m [90m125 ms - 1163[39m
[35m[HTTP][39m [90m[39m
[35m[HTTP][39m [37m-->[39m [37mPOST[39m [37m/wd/hub/session/fb9dcaef-4135-4dbd-aed5-88744926532f/elements[39m
[35m[HTTP][39m [90m{"using":"-android uiautomator","value":"new UiSelector().className(\"android.widget.ImageView\")"}[39m
[35m[HTTP][39m [37m<-- POST /wd/hub/session/fb9dcaef-4135-4dbd-aed5-88744926532f/elements [39m[32m200[39m [90m127 ms - 1163[39m
[35m[HTTP][39m [90m[39m
[35m[HTTP][39m [37m-->[39m [37mGET[39m [37m/wd/hub/session/fb9dcaef-4135-4dbd-aed5-88744926532f/window/rect[39m
[35m[HTTP][39m [90m{}[39m
[35m[HTTP][39m [37m<-- GET /wd/hub/session/fb9dcaef-4135-4dbd-aed5-88744926532f/window/rect [39m[32m200[39m [90m8 ms - 50[39m
[35m[HTTP][39m [90m[39m
[35m[HTTP][39m [37m-->[39m [37mPOST[39m [37m/wd/hub/session/fb9dcaef-4135-4dbd-aed5-88744926532f/elements[39m
[35m[HTTP][39m [90m{"using":"xpath","value":"//hierarchy/android.widget.FrameLayout[1]/android.widget.LinearLayout[1]/android.widget.FrameLayout[1]/android.widget.LinearLayout[1]/android.widget.FrameLayout[1]/androidx.drawerlayout.widget.DrawerLayout[1]/android.view.ViewGroup[1]/android.view.ViewGroup[1]/android.widget.FrameLayout[1]/android.view.ViewGroup[1]/android.widget.RelativeLayout[1]/android.widget.ScrollView[1]/android.widget.LinearLayout[1]/android.widget.ImageView[1]"}[39m
[35m[HTTP][39m [37m<-- POST /wd/hub/session/fb9dcaef-4135-4dbd-aed5-88744926532f/elements [39m[32m200[39m [90m77 ms - 139[39m
[35m[HTTP][39m [90m[39m
[35m[HTTP][39m [37m-->[39m [37mGET[39m [37m/wd/hub/session/fb9dcaef-4135-4dbd-aed5-88744926532f/element/00000000-0000-010a-ffff-ffff00000021/location[39m
[35m[HTTP][39m [90m{}[39m
[35m[W3C (fb9dcaef)][39m Driver proxy active, passing request on via HTTP proxy
[35m[WD Proxy][39m Replacing sessionId 21c3a05f-261c-4e91-a335-830cdc6f7c03 with fb9dcaef-4135-4dbd-aed5-88744926532f
[35m[HTTP][39m [37m<-- GET /wd/hub/session/fb9dcaef-4135-4dbd-aed5-88744926532f/element/00000000-0000-010a-ffff-ffff00000021/location [39m[32m200[39m [90m10 ms - 76[39m
[35m[HTTP][39m [90m[39m
[35m[HTTP][39m [37m-->[39m [37mPOST[39m [37m/wd/hub/session/fb9dcaef-4135-4dbd-aed5-88744926532f/element/00000000-0000-010a-ffff-ffff00000021/click[39m
[35m[HTTP][39m [90m{"id":"00000000-0000-010a-ffff-ffff00000021"}[39m
[35m[HTTP][39m [37m<-- POST /wd/hub/session/fb9dcaef-4135-4dbd-aed5-88744926532f/element/00000000-0000-010a-ffff-ffff00000021/click [39m[32m200[39m [90m46 ms - 14[39m
[35m[HTTP][39m [90m[39m
[35m[HTTP][39m [37m-->[39m [37mGET[39m [37m/wd/hub/session/fb9dcaef-4135-4dbd-aed5-88744926532f/source[39m
[35m[HTTP][39m [90m{}[39m
[35m[W3C (fb9dcaef)][39m Driver proxy active, passing request on via HTTP proxy
[35m[WD Proxy][39m Replacing sessionId 21c3a05f-261c-4e91-a335-830cdc6f7c03 with fb9dcaef-4135-4dbd-aed5-88744926532f
[35m[HTTP][39m [37m<-- GET /wd/hub/session/fb9dcaef-4135-4dbd-aed5-88744926532f/source [39m[32m200[39m [90m522 ms - 29944[39m
[35m[HTTP][39m [90m[39m
[35m[HTTP][39m [37m-->[39m [37mGET[39m [37m/wd/hub/session/fb9dcaef-4135-4dbd-aed5-88744926532f/screenshot[39m
[35m[HTTP][39m [90m{}[39m
[35m[HTTP][39m [37m<-- GET /wd/hub/session/fb9dcaef-4135-4dbd-aed5-88744926532f/screenshot [39m[32m200[39m [90m385 ms - 186588[39m
[35m[HTTP][39m [90m[39m
[35m[HTTP][39m [37m-->[39m [37mPOST[39m [37m/wd/hub/session/fb9dcaef-4135-4dbd-aed5-88744926532f/elements[39m
[35m[HTTP][39m [90m{"using":"xpath","value":"//*[@class = 'android.widget.Button' and (@text = 'Xong' or . = 'Xong') and @resource-id = 'com.vuthaihung.fancydialouge:id/languageDone']"}[39m
[35m[HTTP][39m [37m<-- POST /wd/hub/session/fb9dcaef-4135-4dbd-aed5-88744926532f/elements [39m[32m200[39m [90m87 ms - 139[39m
[35m[HTTP][39m [90m[39m
[35m[HTTP][39m [37m-->[39m [37mGET[39m [37m/wd/hub/session/fb9dcaef-4135-4dbd-aed5-88744926532f/window/rect[39m
[35m[HTTP][39m [90m{}[39m
[35m[HTTP][39m [37m<-- GET /wd/hub/session/fb9dcaef-4135-4dbd-aed5-88744926532f/window/rect [39m[32m200[39m [90m7 ms - 50[39m
[35m[HTTP][39m [90m[39m
[35m[HTTP][39m [37m-->[39m [37mPOST[39m [37m/wd/hub/session/fb9dcaef-4135-4dbd-aed5-88744926532f/elements[39m
[35m[HTTP][39m [90m{"using":"xpath","value":"//*[@class = 'android.widget.Button' and (@text = 'Xong' or . = 'Xong') and @resource-id = 'com.vuthaihung.fancydialouge:id/languageDone']"}[39m
[35m[HTTP][39m [37m<-- POST /wd/hub/session/fb9dcaef-4135-4dbd-aed5-88744926532f/elements [39m[32m200[39m [90m88 ms - 139[39m
[35m[HTTP][39m [90m[39m
[35m[HTTP][39m [37m-->[39m [37mGET[39m [37m/wd/hub/session/fb9dcaef-4135-4dbd-aed5-88744926532f/element/00000000-0000-010a-ffff-ffff0000005f/location[39m
[35m[HTTP][39m [90m{}[39m
[35m[W3C (fb9dcaef)][39m Driver proxy active, passing request on via HTTP proxy
[35m[WD Proxy][39m Replacing sessionId 21c3a05f-261c-4e91-a335-830cdc6f7c03 with fb9dcaef-4135-4dbd-aed5-88744926532f
[35m[HTTP][39m [37m<-- GET /wd/hub/session/fb9dcaef-4135-4dbd-aed5-88744926532f/element/00000000-0000-010a-ffff-ffff0000005f/location [39m[32m200[39m [90m10 ms - 78[39m
[35m[HTTP][39m [90m[39m
[35m[HTTP][39m [37m-->[39m [37mPOST[39m [37m/wd/hub/session/fb9dcaef-4135-4dbd-aed5-88744926532f/element/00000000-0000-010a-ffff-ffff0000005f/click[39m
[35m[HTTP][39m [90m{"id":"00000000-0000-010a-ffff-ffff0000005f"}[39m
[35m[HTTP][39m [37m<-- POST /wd/hub/session/fb9dcaef-4135-4dbd-aed5-88744926532f/element/00000000-0000-010a-ffff-ffff0000005f/click [39m[32m200[39m [90m38 ms - 14[39m
[35m[HTTP][39m [90m[39m
[35m[HTTP][39m [37m-->[39m [37mGET[39m [37m/wd/hub/session/fb9dcaef-4135-4dbd-aed5-88744926532f/source[39m
[35m[HTTP][39m [90m{}[39m
[35m[W3C (fb9dcaef)][39m Driver proxy active, passing request on via HTTP proxy
[35m[WD Proxy][39m Replacing sessionId 21c3a05f-261c-4e91-a335-830cdc6f7c03 with fb9dcaef-4135-4dbd-aed5-88744926532f
[35m[HTTP][39m [37m<-- GET /wd/hub/session/fb9dcaef-4135-4dbd-aed5-88744926532f/source [39m[32m200[39m [90m166 ms - 37276[39m
[35m[HTTP][39m [90m[39m
[35m[HTTP][39m [37m-->[39m [37mGET[39m [37m/wd/hub/session/fb9dcaef-4135-4dbd-aed5-88744926532f/screenshot[39m
[35m[HTTP][39m [90m{}[39m
[35m[HTTP][39m [37m<-- GET /wd/hub/session/fb9dcaef-4135-4dbd-aed5-88744926532f/screenshot [39m[32m200[39m [90m455 ms - 277406[39m
[35m[HTTP][39m [90m[39m
[35m[HTTP][39m [37m-->[39m [37mDELETE[39m [37m/wd/hub/session/fb9dcaef-4135-4dbd-aed5-88744926532f[39m
[35m[HTTP][39m [90m{}[39m
[35m[Appium][39m Removing session fb9dcaef-4135-4dbd-aed5-88744926532f from our master session list
[35m[UiAutomator2][39m Restoring hidden api policy to the device default configuration
[35m[HTTP][39m [37m<-- DELETE /wd/hub/session/fb9dcaef-4135-4dbd-aed5-88744926532f [39m[32m200[39m [90m262 ms - 14[39m
[35m[HTTP][39m [90m[39m
